2025-02-11T15:50:59.631Z [ERROR] Erreur d'envoi d'email: getaddrinfo ENOTFOUND undefined
2025-02-20T04:51:19.629Z [ERROR] Erreur d'envoi d'email: getaddrinfo ENOTFOUND undefined
2025-02-25T13:59:26.070Z [ERROR] Erreur d'envoi d'email: getaddrinfo ENOTFOUND undefined
2025-03-01T21:22:16.188Z [ERROR] Erreur d'envoi d'email: getaddrinfo ENOTFOUND undefined
2025-03-01T21:38:42.622Z [ERROR] Erreur d'envoi d'email: getaddrinfo ENOTFOUND undefined
2025-03-03T19:09:30.044Z [ERROR] Erreur d'envoi d'email: undefined
2025-03-03T19:20:22.392Z [ERROR] Erreur d'envoi d'email: [object Object]
2025-03-03T19:23:35.349Z [ERROR] Erreur d'envoi d'email: [object Object]
2025-03-04T09:35:08.157Z [ERROR] Erreur d'envoi d'email: connect ECONNREFUSED ::1:587
2025-03-04T09:38:39.646Z [ERROR] Erreur d'envoi d'email: Error: connect ECONNREFUSED ::1:587
2025-03-04T09:46:56.952Z [ERROR] Erreur d'envoi d'email: Error: connect ECONNREFUSED ::1:587
2025-03-04T09:49:24.391Z [ERROR] Erreur d'envoi d'email: Error: connect ECONNREFUSED ::1:587
2025-03-04T09:52:55.209Z [ERROR] Erreur d'envoi d'email: Error: connect ECONNREFUSED ::1:587
2025-03-04T09:55:38.372Z [ERROR] Erreur d'envoi d'email: Error: connect ECONNREFUSED ::1:587
2025-03-04T09:56:38.182Z [ERROR] Erreur d'envoi d'email: Error: connect ECONNREFUSED ::1:587
2025-03-04T10:08:43.677Z [ERROR] Erreur d'envoi d'email: Error: connect ECONNREFUSED ::1:587
2025-03-04T10:17:09.672Z [ERROR] Erreur d'envoi d'email: Error: connect ECONNREFUSED ::1:587
2025-03-04T10:19:25.781Z [ERROR] Erreur d'envoi d'email: Error: connect ECONNREFUSED ::1:587
2025-03-04T10:29:21.473Z [ERROR] Erreur d'envoi d'email: Error: Invalid login: 535 Authentication failed.
2025-03-04T12:55:40.833Z [INFO] Email envoyé à frajnak.fgfacjk+176542@gmail.com avec l'ID: <4f18cb6d-ec2b-fee0-e53f-3b686059bd86@trial-jpzkmgqwjrvg059v.mlsender.net>
2025-03-04T12:58:01.208Z [INFO] Email envoyé à franckjordan54+55@gmail.com avec l'ID: <d690991d-0803-458b-57ee-e13def28b05f@trial-jpzkmgqwjrvg059v.mlsender.net>
2025-03-04T15:09:39.720Z [ERROR] Erreur d'envoi d'email: ReferenceError: fs is not defined
2025-03-04T15:24:15.982Z [ERROR] Erreur d'envoi d'email: ReferenceError: fs is not defined
2025-03-04T15:29:24.896Z [ERROR] Erreur d'envoi d'email: ReferenceError: fs is not defined
2025-03-04T15:32:03.175Z [ERROR] Erreur d'envoi d'email: Error: ENOENT: no such file or directory, open '/home/franckjordan/Documents/psp/backend/public/Templates/veuillez cliquer sur cette url pour confirmer votre mail http:/localhost:5000/api/auth/activate/eyJhbGciOiJIUzI1NiIsInR5cCI6IkpXVCJ9.eyJ1c2VySWQiOiI2N2M3MWNmMzdjMzg4YzJhOWQ0ZDFlMmQiLCJlbWFpbCI6ImZyYW5ja2pvcmRhbjU0Kzg0QGdtYWlsLmNvbSIsImlhdCI6MTc0MTEwMjMyMywiZXhwIjoxNzQxMTg4NzIzfQ.Ka_s4Hf8JB2w7pGcmwxn0E9oKV6R7mvP6PYjG4I9tJQ.html'
2025-03-04T15:37:17.723Z [ERROR] Erreur d'envoi d'email: Error: Message failed: 450 You must provide one of html, text or template_id. #MS42211 (and 2 more errors) You must provide one of html, text or template_id. #MS42211,You must provide one of html, text or template_id. #MS42211,You must provide one of html, text or template_id. #MS42211
2025-03-04T15:43:49.584Z [INFO] Email envoyé à franckjordan54+69@gmail.com avec l'ID: <bc0575d3-02e1-75a9-2011-f23c1158093d@trial-jpzkmgqwjrvg059v.mlsender.net>
2025-03-04T15:49:03.551Z [INFO] Email envoyé à franckjordan54+59@gmail.com avec l'ID: <5fe421b6-f34d-e183-bccc-1dc9994243de@trial-jpzkmgqwjrvg059v.mlsender.net>
2025-03-04T16:02:44.398Z [ERROR] Erreur d'envoi d'email: Error: Message failed: 450 You have reached trial account unique recipients limit. #MS42225 You have reached trial account unique recipients limit. #MS42225
2025-03-04T16:10:21.716Z [INFO] Email envoyé à franckjordan54+59@gmail.com avec l'ID: <a3b9f7d6-a2ef-ad06-a344-c67f59a7cfb5@trial-jpzkmgqwjrvg059v.mlsender.net>
2025-03-04T18:04:48.576Z [INFO] Email envoyé à franckjordan54+59@gmail.com avec l'ID: <85952a36-6e89-a865-9429-254d2a66d82f@trial-jpzkmgqwjrvg059v.mlsender.net>
2025-03-05T19:09:32.554Z [ERROR] Erreur lors de l'envoi du SMS: sendSMS is not a function
2025-03-05T19:26:20.081Z [ERROR] Erreur d'envoi d'email: Error: Message failed: 450 You have reached trial account unique recipients limit. #MS42225 You have reached trial account unique recipients limit. #MS42225
2025-03-07T17:30:34.003Z [ERROR] Erreur d'envoi d'email: Error: Message failed: 450 You have reached trial account unique recipients limit. #MS42225 You have reached trial account unique recipients limit. #MS42225
2025-03-07T17:58:39.864Z [ERROR] Erreur d'envoi d'email: Error: Message failed: 450 You have reached trial account unique recipients limit. #MS42225 You have reached trial account unique recipients limit. #MS42225
2025-03-07T18:22:35.218Z [INFO] Email envoyé à franckjordan54@gmail.com avec l'ID: <3f974658-3b18-4bd2-67c9-a102c6669d2a@trial-jy7zpl92znr45vx6.mlsender.net>
2025-03-07T18:29:42.655Z [INFO] Email envoyé à franckjordan54@gmail.com avec l'ID: <0aded493-318e-3740-d652-78d89d62f193@trial-jy7zpl92znr45vx6.mlsender.net>
2025-03-07T18:44:23.876Z [INFO] Email envoyé à franckjordan54@gmail.com avec l'ID: <46842f01-84f3-ab2e-191a-6ef54a29a64e@trial-jy7zpl92znr45vx6.mlsender.net>
2025-03-07T18:52:32.878Z [INFO] Email envoyé à franckjordan54@gmail.com avec l'ID: <2d0e182e-a15a-f241-15dc-8eb4723fa245@trial-jy7zpl92znr45vx6.mlsender.net>
2025-03-07T19:13:28.651Z [INFO] Email envoyé à franckjordan54@gmail.com avec l'ID: <57451b32-82e0-4840-5342-e2b37ccfc685@trial-jy7zpl92znr45vx6.mlsender.net>
2025-03-07T19:17:19.924Z [ERROR] Erreur d'envoi de SMS: ReferenceError: twilioPhoneNumber is not defined
2025-03-07T19:19:25.180Z [ERROR] Erreur d'envoi de SMS: ReferenceError: twilioPhoneNumber is not defined
2025-03-07T19:21:27.021Z [ERROR] Erreur d'envoi de SMS: Error: username is required
2025-03-07T19:26:22.543Z [ERROR] Erreur d'envoi de SMS: Error: username is required
2025-03-07T19:27:21.790Z [ERROR] Erreur d'envoi de SMS: Error: username is required
2025-03-07T19:28:15.121Z [ERROR] Erreur d'envoi de SMS: Error: username is required
2025-03-07T19:28:53.361Z [ERROR] Erreur d'envoi de SMS: Error: username is required
2025-03-07T19:32:55.539Z [ERROR] Erreur d'envoi de SMS: ReferenceError: twilioClient is not defined
2025-03-07T19:34:39.449Z [ERROR] Erreur d'envoi de SMS: ReferenceError: twilioClient is not defined
2025-03-07T19:35:37.590Z [ERROR] Erreur d'envoi de SMS: ReferenceError: twilioClient is not defined
2025-03-07T19:40:53.728Z [ERROR] Erreur d'envoi de SMS: Error: 'From' +237670644836 is not a Twilio phone number or Short Code country mismatch
2025-03-07T19:49:23.883Z [ERROR] Erreur d'envoi de SMS: Error: 'From' +237670644836 is not a Twilio phone number or Short Code country mismatch
2025-03-07T20:05:58.001Z [ERROR] Erreur d'envoi de SMS: Error: 'From' +237670644836 is not a Twilio phone number or Short Code country mismatch
2025-03-07T20:06:21.442Z [ERROR] Erreur d'envoi de SMS: Error: The number +23769423XXXX is unverified. Trial accounts cannot send messages to unverified numbers; verify +23769423XXXX at twilio.com/user/account/phone-numbers/verified, or purchase a Twilio number to send messages to unverified numbers
2025-03-10T15:56:28.444Z [INFO] Début de la génération du secret pour l'utilisateur : franckjordan54@gmail.com
2025-03-10T15:56:28.449Z [INFO] Secret généré avec succès : H4USSXRZKRFWK53CFFQWSJKBFRDDONKJNNRSCYRIPVBXIT2DGAWA
2025-03-10T15:56:28.449Z [INFO] URL du QR code générée : otpauth://totp/PSP_APP:franckjordan54@gmail.com?secret=H4USSXRZKRFWK53CFFQWSJKBFRDDONKJNNRSCYRIPVBXIT2DGAWA&issuer=YourApp
2025-03-10T15:56:28.536Z [INFO] QR code généré avec succès
2025-03-10T15:57:53.532Z [INFO] Email envoyé à franckjordan54@gmail.com avec l'ID: <b5fb603a-20cc-3b47-13a6-9f27c76668b6@trial-jy7zpl92znr45vx6.mlsender.net>
2025-03-10T16:00:07.955Z [ERROR] Erreur d'envoi de SMS: Error: Authenticate
2025-03-10T16:01:19.493Z [INFO] Email envoyé à franckjordan54@gmail.com avec l'ID: <ba64e0b6-4667-ce5f-a31d-5b133256aa90@trial-jy7zpl92znr45vx6.mlsender.net>
2025-03-10T19:32:10.487Z [INFO] Email envoyé à franckjordan54@gmail.com avec l'ID: <ad5499b2-60bd-0b9b-4c19-5ea32eb575b8@trial-jy7zpl92znr45vx6.mlsender.net>
2025-03-10T20:24:33.533Z [INFO] Email envoyé à franckjordan54@gmail.com avec l'ID: <7b2d8a47-8680-46d8-a21c-2f283bddeae5@trial-jy7zpl92znr45vx6.mlsender.net>
2025-03-10T20:31:30.117Z [INFO] Email envoyé à franckjordan54@gmail.com avec l'ID: <aba2a803-fab6-181c-ab7d-851339362ed0@trial-jy7zpl92znr45vx6.mlsender.net>
2025-03-10T20:34:22.085Z [INFO] Email envoyé à franckjordan54@gmail.com avec l'ID: <a54a75d8-f1f7-8356-5767-cdca3fdb18e1@trial-jy7zpl92znr45vx6.mlsender.net>
2025-03-10T20:38:18.952Z [INFO] Email envoyé à franckjordan54@gmail.com avec l'ID: <a260ffa7-23ad-c3d9-85cb-190f742ce14f@trial-jy7zpl92znr45vx6.mlsender.net>
2025-03-10T20:39:29.732Z [INFO] Email envoyé à franckjordan54@gmail.com avec l'ID: <74f320d9-fd89-71f6-e80f-104ed51e8005@trial-jy7zpl92znr45vx6.mlsender.net>
2025-03-10T20:40:41.252Z [INFO] Email envoyé à franckjordan54@gmail.com avec l'ID: <b611865f-aeec-72bf-35dd-bbacccea5835@trial-jy7zpl92znr45vx6.mlsender.net>
2025-03-11T07:37:12.720Z [INFO] Email envoyé à franckjordan54@gmail.com avec l'ID: <a335e28d-d1c8-944a-3171-553e644542bd@trial-jy7zpl92znr45vx6.mlsender.net>
2025-03-11T07:59:00.620Z [INFO] Email envoyé à franckjordan54@gmail.com avec l'ID: <7a785519-2d24-bbd0-1bc4-f227f5bcee03@trial-jy7zpl92znr45vx6.mlsender.net>
2025-03-11T08:04:11.821Z [INFO] Email envoyé à franckjordan54@gmail.com avec l'ID: <bece2458-52e6-48a5-b06b-84f5c4b86087@trial-jy7zpl92znr45vx6.mlsender.net>
2025-03-11T08:10:04.701Z [INFO] Email envoyé à franckjordan54@gmail.com avec l'ID: <ea2f13a1-8391-b5cd-6876-55e54288c19b@trial-jy7zpl92znr45vx6.mlsender.net>
2025-03-11T08:12:37.992Z [INFO] Email envoyé à franckjordan54@gmail.com avec l'ID: <51ce21ee-5092-59e9-1dac-5d19a210e097@trial-jy7zpl92znr45vx6.mlsender.net>
2025-03-11T08:15:21.258Z [INFO] Email envoyé à franckjordan54@gmail.com avec l'ID: <e6847c52-a7e8-8303-f6d3-5b2e97f0763c@trial-jy7zpl92znr45vx6.mlsender.net>
2025-03-11T08:17:27.657Z [INFO] Email envoyé à franckjordan54@gmail.com avec l'ID: <44e3500b-db83-c0c5-ad1c-544573a990d5@trial-jy7zpl92znr45vx6.mlsender.net>
2025-03-11T08:21:05.299Z [INFO] Email envoyé à franckjordan54@gmail.com avec l'ID: <deee4bec-9b6d-1911-f7b2-ccfeb44267e4@trial-jy7zpl92znr45vx6.mlsender.net>
2025-03-11T09:08:28.672Z [INFO] Email envoyé à franckjordan54@gmail.com avec l'ID: <8dc36091-61a9-e1b8-87aa-cbc5f5a32d05@trial-jy7zpl92znr45vx6.mlsender.net>
2025-03-11T09:11:33.286Z [INFO] Email envoyé à franckjordan54@gmail.com avec l'ID: <a5f07bb2-b641-85c6-279e-a52b6ee53229@trial-jy7zpl92znr45vx6.mlsender.net>
2025-03-11T09:22:50.446Z [INFO] Email envoyé à franckjordan54@gmail.com avec l'ID: <c17751c3-fe81-c469-3544-5f4bb0c153e7@trial-jy7zpl92znr45vx6.mlsender.net>
2025-03-11T09:28:55.618Z [INFO] Email envoyé à franckjordan54@gmail.com avec l'ID: <7e56afd6-5a8d-435a-8a80-cfba2b56c4ee@trial-jy7zpl92znr45vx6.mlsender.net>
2025-03-11T09:37:15.767Z [INFO] Email envoyé à franckjordan54@gmail.com avec l'ID: <aeacfd88-d717-3932-95c5-c09a02a11517@trial-jy7zpl92znr45vx6.mlsender.net>
2025-03-11T09:41:52.392Z [INFO] Email envoyé à franckjordan54@gmail.com avec l'ID: <4d5b289d-0d9d-1ee4-1722-431f230d55dd@trial-jy7zpl92znr45vx6.mlsender.net>
2025-03-11T09:47:52.625Z [INFO] Email envoyé à franckjordan54@gmail.com avec l'ID: <ff0b95c9-475b-9d63-1c5f-7a5030486743@trial-jy7zpl92znr45vx6.mlsender.net>
2025-03-11T09:55:06.342Z [INFO] Email envoyé à franckjordan54@gmail.com avec l'ID: <665ac09d-621a-6c73-f374-7e8e985b1766@trial-jy7zpl92znr45vx6.mlsender.net>
2025-03-11T10:15:23.536Z [INFO] Email envoyé à franckjordan54@gmail.com avec l'ID: <3d076d45-f1fe-2ca2-8538-29195a04dd12@trial-jy7zpl92znr45vx6.mlsender.net>
2025-03-11T10:18:15.453Z [INFO] Email envoyé à franckjordan54@gmail.com avec l'ID: <cfbd5209-414c-e176-55bc-f8207137dea5@trial-jy7zpl92znr45vx6.mlsender.net>
2025-03-11T10:31:04.690Z [INFO] Email envoyé à franckjordan54@gmail.com avec l'ID: <58fd1458-3d2e-53af-a0fb-35d21571cbe5@trial-jy7zpl92znr45vx6.mlsender.net>
2025-03-11T10:37:25.611Z [INFO] Email envoyé à franckjordan54@gmail.com avec l'ID: <74f13f78-777b-0876-0d46-bed8442264b4@trial-jy7zpl92znr45vx6.mlsender.net>
2025-03-11T10:54:49.263Z [INFO] Email envoyé à franckjordan54@gmail.com avec l'ID: <c0dded53-64fb-6e64-6864-2f77fda19873@trial-jy7zpl92znr45vx6.mlsender.net>
2025-03-11T10:54:52.705Z [INFO] Email envoyé à franckjordan54@gmail.com avec l'ID: <b75607bc-dfb2-72db-f9c6-6db51698aec6@trial-jy7zpl92znr45vx6.mlsender.net>
2025-03-11T10:59:54.361Z [INFO] Email envoyé à franckjordan54@gmail.com avec l'ID: <31e0f5b5-f63d-a68d-b625-bbe9ba408f42@trial-jy7zpl92znr45vx6.mlsender.net>
2025-03-11T17:01:40.774Z [INFO] Email envoyé à franckjordan54@gmail.com avec l'ID: <09acd9cc-d78f-6575-e680-409646eb1b95@trial-jy7zpl92znr45vx6.mlsender.net>
2025-03-11T18:04:08.030Z [INFO] Email envoyé à franckjordan54@gmail.com avec l'ID: <7b54cbdf-2090-85af-a59e-6bb0ba59608b@trial-jy7zpl92znr45vx6.mlsender.net>
2025-03-11T18:07:36.644Z [INFO] Email envoyé à franckjordan54@gmail.com avec l'ID: <6808c0cb-6619-bea9-a13b-98fd0684a86c@trial-jy7zpl92znr45vx6.mlsender.net>
2025-03-11T19:36:48.643Z [INFO] Email envoyé à franckjordan54@gmail.com avec l'ID: <c1f67209-5ee9-35ae-a4a4-b78b63baba32@trial-jy7zpl92znr45vx6.mlsender.net>
2025-03-11T19:44:38.528Z [INFO] Email envoyé à franckjordan54@gmail.com avec l'ID: <0c42b948-007c-42da-2d44-71ffdd627554@trial-jy7zpl92znr45vx6.mlsender.net>
2025-03-11T19:50:52.704Z [INFO] Email envoyé à franckjordan54@gmail.com avec l'ID: <73bd3620-42e7-3280-d74d-d092b7cdce28@trial-jy7zpl92znr45vx6.mlsender.net>
2025-03-11T19:53:57.332Z [INFO] Email envoyé à franckjordan54@gmail.com avec l'ID: <807048bc-c046-b896-cef2-19e1671cf3be@trial-jy7zpl92znr45vx6.mlsender.net>
2025-03-11T19:56:34.299Z [INFO] Email envoyé à franckjordan54@gmail.com avec l'ID: <1a9bf82b-b1be-0742-1d48-a9a691942e57@trial-jy7zpl92znr45vx6.mlsender.net>
2025-03-11T20:00:55.269Z [INFO] Email envoyé à franckjordan54@gmail.com avec l'ID: <086a685c-397b-7a23-c993-e5987a9cbf16@trial-jy7zpl92znr45vx6.mlsender.net>
2025-03-11T20:03:08.877Z [INFO] Email envoyé à franckjordan54@gmail.com avec l'ID: <1a478916-be54-317c-0075-6f4c9ed5e7b1@trial-jy7zpl92znr45vx6.mlsender.net>
2025-03-11T20:06:45.562Z [INFO] Email envoyé à franckjordan54@gmail.com avec l'ID: <c80935b4-ad61-72fa-1bb9-fa0a569efaad@trial-jy7zpl92znr45vx6.mlsender.net>
2025-03-11T20:09:09.380Z [INFO] Email envoyé à franckjordan54@gmail.com avec l'ID: <4fd22f39-a485-b5bc-52c7-a896f9616674@trial-jy7zpl92znr45vx6.mlsender.net>
2025-03-11T20:15:27.094Z [INFO] Email envoyé à franckjordan54@gmail.com avec l'ID: <b49b7613-d42b-5ff0-b406-c99c68f771f1@trial-jy7zpl92znr45vx6.mlsender.net>
2025-03-11T20:23:49.688Z [INFO] Email envoyé à franckjordan54@gmail.com avec l'ID: <ac4b47e8-7438-6ac1-2196-416bebf5b41a@trial-jy7zpl92znr45vx6.mlsender.net>
2025-03-11T20:27:30.461Z [INFO] Email envoyé à franckjordan54@gmail.com avec l'ID: <e26a1596-ec45-96a8-b1a8-f88907e97f66@trial-jy7zpl92znr45vx6.mlsender.net>
2025-03-11T20:31:43.713Z [INFO] Email envoyé à franckjordan54@gmail.com avec l'ID: <aa463255-8399-61d2-4d2a-042a0255ac86@trial-jy7zpl92znr45vx6.mlsender.net>
2025-03-11T20:37:05.374Z [INFO] Email envoyé à franckjordan54@gmail.com avec l'ID: <f3e7a85f-7bb2-73d2-398d-b4fd883f6cb0@trial-jy7zpl92znr45vx6.mlsender.net>
2025-03-11T20:42:28.318Z [INFO] Email envoyé à franckjordan54@gmail.com avec l'ID: <20b8e0fc-d3cc-5ec8-3ec6-fdfbd136c9a3@trial-jy7zpl92znr45vx6.mlsender.net>
2025-03-11T21:28:57.318Z [INFO] Email envoyé à franckjordan54@gmail.com avec l'ID: <6315de5f-ebe1-4bc1-d1d1-70731b963357@trial-jy7zpl92znr45vx6.mlsender.net>
2025-03-12T07:50:03.199Z [INFO] Email envoyé à franckjordan54@gmail.com avec l'ID: <fa0be2ac-0c14-41fe-49f2-db923aecfb68@trial-jy7zpl92znr45vx6.mlsender.net>
2025-03-12T07:51:07.925Z [INFO] Email envoyé à franckjordan54@gmail.com avec l'ID: <5ee60b35-3c80-abd2-dbaf-61c329373c03@trial-jy7zpl92znr45vx6.mlsender.net>
2025-03-18T21:25:49.196Z [INFO] Email envoyé à loicsteve27@gmail.com avec l'ID: <0d227f0f-39f1-76e5-49b3-932fc7bdfa08@trial-jy7zpl92znr45vx6.mlsender.net>
2025-03-18T23:32:37.847Z [INFO] Email envoyé à loicsteve27@gmail.com avec l'ID: <bac107a9-00d6-77eb-bbf4-32e6acd6f446@trial-jy7zpl92znr45vx6.mlsender.net>
2025-03-18T23:36:21.427Z [INFO] Email envoyé à loicsteve27@gmail.com avec l'ID: <91501ef7-d4e8-edcf-e57d-081d91764c2d@trial-jy7zpl92znr45vx6.mlsender.net>
2025-03-18T23:59:46.371Z [INFO] Email envoyé à loicsteve27@gmail.com avec l'ID: <f4c53eeb-6c5e-f1c7-023c-320ac267c521@trial-jy7zpl92znr45vx6.mlsender.net>
2025-03-19T17:16:53.798Z [INFO] Email envoyé à franckjordan96@gmail.com avec l'ID: <f648c1c6-d027-1e3a-a6a6-48648a9178f8@trial-jy7zpl92znr45vx6.mlsender.net>
2025-03-20T11:40:14.826Z [INFO] Email envoyé à franckjordan96@gmail.com avec l'ID: <0a8ec50c-7e06-40f8-202b-2c7f0057b487@trial-jy7zpl92znr45vx6.mlsender.net>
2025-03-20T11:48:53.660Z [INFO] Début de la génération du secret pour l'utilisateur : franckjordan96@gmail.com
2025-03-20T11:48:53.665Z [INFO] Secret généré avec succès : OUXEC2J4EQYVW2DYH4RVIRTCPMYEYPSWOITFI52UJRZXIKCLFJFQ
2025-03-20T11:48:53.667Z [INFO] URL du QR code générée : otpauth://totp/PSP_APP:franckjordan96@gmail.com?secret=OUXEC2J4EQYVW2DYH4RVIRTCPMYEYPSWOITFI52UJRZXIKCLFJFQ&issuer=YourApp
2025-03-20T11:48:53.787Z [INFO] QR code généré avec succès
2025-03-20T11:52:09.747Z [INFO] Début de la génération du secret pour l'utilisateur : franckjordan96@gmail.com
2025-03-20T11:52:09.751Z [INFO] Secret généré avec succès : JZRHSRRDMI3SG3BQMJ5HG5TUPNWD4XTROQ4DM6LZKAXCM23TGASA
2025-03-20T11:52:09.753Z [INFO] URL du QR code générée : otpauth://totp/PSP_APP:franckjordan96@gmail.com?secret=JZRHSRRDMI3SG3BQMJ5HG5TUPNWD4XTROQ4DM6LZKAXCM23TGASA&issuer=YourApp
2025-03-20T11:52:09.798Z [INFO] QR code généré avec succès
2025-03-20T11:57:07.786Z [INFO] Email envoyé à franckjordan96@gmail.com avec l'ID: <41721a09-f847-f169-5ac6-ae5596526dcf@trial-jy7zpl92znr45vx6.mlsender.net>
2025-03-20T12:16:06.166Z [INFO] Email envoyé à franckjordan96@gmail.com avec l'ID: <24df8c12-4ec2-0c3e-f8e4-a1b2f2bfc051@trial-jy7zpl92znr45vx6.mlsender.net>
2025-03-20T12:24:22.480Z [INFO] Début de la génération du secret pour l'utilisateur : franckjordan96@gmail.com
2025-03-20T12:24:22.485Z [INFO] Secret généré avec succès : EZYUOMDQNVCGYUS5GFQVGS2MKRCEOYJROFWCMNDBKRYEU33XEETA
2025-03-20T12:24:22.486Z [INFO] URL du QR code générée : otpauth://totp/PSP_APP:franckjordan96@gmail.com?secret=EZYUOMDQNVCGYUS5GFQVGS2MKRCEOYJROFWCMNDBKRYEU33XEETA&issuer=YourApp
2025-03-20T12:24:22.544Z [INFO] QR code généré avec succès
2025-03-20T12:49:30.458Z [INFO] Début de la génération du secret pour l'utilisateur : franckjordan96@gmail.com
2025-03-20T12:49:30.461Z [INFO] Secret généré avec succès : EFDESKJYGQZE4U3RGZGESPCLPVAUQVKIMQZTAQRVPJ4CMTK5EYYA
2025-03-20T12:49:30.463Z [INFO] URL du QR code générée : otpauth://totp/PSP_APP:franckjordan96@gmail.com?secret=EFDESKJYGQZE4U3RGZGESPCLPVAUQVKIMQZTAQRVPJ4CMTK5EYYA&issuer=YourApp
2025-03-20T12:49:30.532Z [INFO] QR code généré avec succès
2025-03-20T12:49:46.736Z [INFO] Début de la génération du secret pour l'utilisateur : franckjordan96@gmail.com
2025-03-20T12:49:46.738Z [INFO] Secret généré avec succès : OUYEWO2HIE2CIJDDJ5BS6YSIJBJEE2ZKKY7XGIJUHASD4IJYGB5A
2025-03-20T12:49:46.741Z [INFO] URL du QR code générée : otpauth://totp/PSP_APP:franckjordan96@gmail.com?secret=OUYEWO2HIE2CIJDDJ5BS6YSIJBJEE2ZKKY7XGIJUHASD4IJYGB5A&issuer=YourApp
2025-03-20T12:49:46.788Z [INFO] QR code généré avec succès
2025-03-20T12:57:14.654Z [INFO] Email envoyé à franckjordan96@gmail.com avec l'ID: <2aa9ed8d-c7bb-2012-8a9f-da7bf9ea7412@trial-jy7zpl92znr45vx6.mlsender.net>
2025-03-20T12:57:49.933Z [INFO] Début de la génération du secret pour l'utilisateur : franckjordan96@gmail.com
2025-03-20T12:57:49.935Z [INFO] Secret généré avec succès : GJAXO425KJLSQ42OIV4DIKDFPFJDASJUII4SQTC6O54FEPDEFJUA
2025-03-20T12:57:49.936Z [INFO] URL du QR code générée : otpauth://totp/PSP_APP:franckjordan96@gmail.com?secret=GJAXO425KJLSQ42OIV4DIKDFPFJDASJUII4SQTC6O54FEPDEFJUA&issuer=YourApp
2025-03-20T12:57:49.955Z [INFO] QR code généré avec succès
2025-03-20T13:00:53.365Z [INFO] Début de la génération du secret pour l'utilisateur : franckjordan96@gmail.com
2025-03-20T13:00:53.368Z [INFO] Secret généré avec succès : FZJECQZ7HEUVER2RIVRXQZR4F5SUM5SSKFNUQ23IIZSG2KDXOU3A
2025-03-20T13:00:53.370Z [INFO] URL du QR code générée : otpauth://totp/PSP_APP:franckjordan96@gmail.com?secret=FZJECQZ7HEUVER2RIVRXQZR4F5SUM5SSKFNUQ23IIZSG2KDXOU3A&issuer=YourApp
2025-03-20T13:00:53.394Z [INFO] QR code généré avec succès
2025-03-20T13:20:00.572Z [INFO] Début de la génération du secret pour l'utilisateur : franckjordan96@gmail.com
2025-03-20T13:20:00.573Z [INFO] Secret généré avec succès : GBRGCOLPLNVSGJB4INWXK5CTHRTTKMDBM42UQUZ2OB4GSMJWJBEA
2025-03-20T13:20:00.574Z [INFO] URL du QR code générée : otpauth://totp/PSP_APP:franckjordan96@gmail.com?secret=GBRGCOLPLNVSGJB4INWXK5CTHRTTKMDBM42UQUZ2OB4GSMJWJBEA&issuer=YourApp
2025-03-20T13:20:00.595Z [INFO] QR code généré avec succès
2025-03-20T13:26:41.041Z [INFO] Début de la génération du secret pour l'utilisateur : franckjordan96@gmail.com
2025-03-20T13:26:41.043Z [INFO] Secret généré avec succès : ERXHAMDDJIWFE6DZGNMGYQCYGFRSMSBUMQ7HCUJKOZBXUY2QPITA
2025-03-20T13:26:41.045Z [INFO] URL du QR code générée : otpauth://totp/PSP_APP:franckjordan96@gmail.com?secret=ERXHAMDDJIWFE6DZGNMGYQCYGFRSMSBUMQ7HCUJKOZBXUY2QPITA&issuer=YourApp
2025-03-20T13:26:41.072Z [INFO] QR code généré avec succès
2025-03-20T13:28:07.554Z [INFO] Début de la génération du secret pour l'utilisateur : franckjordan96@gmail.com
2025-03-20T13:28:07.561Z [INFO] Secret généré avec succès : MMRXMRJWMNHUUKBFF54TKJBUMZKG243WHJQUA3ZTFJEDUSZIMM3A
2025-03-20T13:28:07.562Z [INFO] URL du QR code générée : otpauth://totp/PSP_APP:franckjordan96@gmail.com?secret=MMRXMRJWMNHUUKBFF54TKJBUMZKG243WHJQUA3ZTFJEDUSZIMM3A&issuer=YourApp
2025-03-20T13:28:07.605Z [INFO] QR code généré avec succès
2025-03-20T13:46:44.149Z [INFO] Email envoyé à franckjordan96@gmail.com avec l'ID: <07b11467-df5f-c369-10e9-f9f288f13254@trial-jy7zpl92znr45vx6.mlsender.net>
2025-03-20T13:48:45.764Z [INFO] Début de la génération du secret pour l'utilisateur : franckjordan96@gmail.com
2025-03-20T13:48:45.771Z [INFO] Secret généré avec succès : H4TCKL3TNQ4CSPTLHBJHW43DMMUG6QCCFZ2XMXJVH4YDQR2EN5NA
2025-03-20T13:48:45.772Z [INFO] URL du QR code générée : otpauth://totp/PSP_APP:franckjordan96@gmail.com?secret=H4TCKL3TNQ4CSPTLHBJHW43DMMUG6QCCFZ2XMXJVH4YDQR2EN5NA&issuer=YourApp
2025-03-20T13:48:45.881Z [INFO] QR code généré avec succès
2025-03-20T13:51:24.450Z [INFO] Début de la génération du secret pour l'utilisateur : franckjordan96@gmail.com
2025-03-20T13:51:24.456Z [INFO] Secret généré avec succès : GB4WOZBZKFLW4XTWNZHG47LSIFQTKVDSGE6GEORTLZNVOR3VLA7Q
2025-03-20T13:51:24.461Z [INFO] URL du QR code générée : otpauth://totp/PSP_APP:franckjordan96@gmail.com?secret=GB4WOZBZKFLW4XTWNZHG47LSIFQTKVDSGE6GEORTLZNVOR3VLA7Q&issuer=YourApp
2025-03-20T13:51:24.565Z [INFO] QR code généré avec succès
2025-03-20T16:33:29.553Z [INFO] Email envoyé à franckjordan96@gmail.com avec l'ID: <91e73f9b-6cf4-b0cd-b0fe-1f3173a9176a@trial-jy7zpl92znr45vx6.mlsender.net>
2025-03-20T16:34:11.359Z [INFO] Email envoyé à franckjordan96@gmail.com avec l'ID: <55d6deb8-027e-b1ff-a123-ba0f8a5fb5e4@trial-jy7zpl92znr45vx6.mlsender.net>
2025-03-20T17:14:01.088Z [INFO] Email envoyé à franckjordan96@gmail.com avec l'ID: <ef389c77-55bf-89d0-91cb-705cacd9eec4@trial-jy7zpl92znr45vx6.mlsender.net>
2025-03-20T17:23:11.644Z [INFO] Email envoyé à franckjordan96@gmail.com avec l'ID: <a12fa6df-f421-666a-3f81-a13b34cbc843@trial-jy7zpl92znr45vx6.mlsender.net>
2025-03-20T17:24:51.008Z [INFO] Email envoyé à franckjordan96@gmail.com avec l'ID: <85b50c07-45bb-0acb-8603-aabc6e46d9a9@trial-jy7zpl92znr45vx6.mlsender.net>
2025-03-20T17:27:18.700Z [INFO] Email envoyé à franckjordan96@gmail.com avec l'ID: <82abe7ad-28e7-bd8e-f53d-cac079aa2adc@trial-jy7zpl92znr45vx6.mlsender.net>
2025-03-20T17:29:43.247Z [INFO] Email envoyé à franckjordan96@gmail.com avec l'ID: <da71390d-8f45-4727-2229-a5602ba7b3e0@trial-jy7zpl92znr45vx6.mlsender.net>
2025-03-20T17:47:12.946Z [INFO] Email envoyé à franckjordan96@gmail.com avec l'ID: <b99d1c8f-105e-a2a3-8210-f04452c29166@trial-jy7zpl92znr45vx6.mlsender.net>
2025-03-20T17:57:54.518Z [INFO] Email envoyé à franckjordan96@gmail.com avec l'ID: <0151a60f-ce33-d348-a3c6-e0e3e789f6f2@trial-jy7zpl92znr45vx6.mlsender.net>
2025-03-20T18:14:19.151Z [INFO] Email envoyé à franckjordan96@gmail.com avec l'ID: <93670078-35bc-1f42-a154-ef8c269d0efc@trial-jy7zpl92znr45vx6.mlsender.net>
2025-03-20T19:00:16.373Z [INFO] Email envoyé à franckjordan96@gmail.com avec l'ID: <6fab3c81-6a4e-7973-ae0a-c5774c530826@trial-jy7zpl92znr45vx6.mlsender.net>
2025-03-20T19:06:41.240Z [ERROR] Erreur d'envoi d'email: Error: Message failed: 450 Your trial domain reached its email quota limit. #MS42222 Your trial domain reached its email quota limit. #MS42222
2025-03-20T19:26:56.036Z [ERROR] Erreur d'envoi d'email: Error: Message failed: 450 Your trial domain reached its email quota limit. #MS42222 Your trial domain reached its email quota limit. #MS42222
2025-03-20T19:30:38.098Z [ERROR] Erreur d'envoi d'email: Error: Message failed: 450 Your trial domain reached its email quota limit. #MS42222 Your trial domain reached its email quota limit. #MS42222
2025-03-20T19:35:38.437Z [ERROR] Erreur d'envoi d'email: Error: Message failed: 450 Your trial domain reached its email quota limit. #MS42222 Your trial domain reached its email quota limit. #MS42222
2025-03-20T21:28:46.447Z [ERROR] Erreur d'envoi d'email: Error: Message failed: 450 Your trial domain reached its email quota limit. #MS42222 Your trial domain reached its email quota limit. #MS42222
2025-03-21T08:09:44.909Z [ERROR] Erreur d'envoi d'email: Error: Message failed: 450 Your trial domain reached its email quota limit. #MS42222 Your trial domain reached its email quota limit. #MS42222
2025-03-21T08:13:00.865Z [ERROR] Erreur d'envoi d'email: Error: Message failed: 450 Your trial domain reached its email quota limit. #MS42222 Your trial domain reached its email quota limit. #MS42222
2025-03-21T08:39:08.649Z [INFO] Email envoyé à franckjordan96@gmail.com avec l'ID: <1a4af5df-b087-4f33-601f-46ea3afc0cde@trial-zxk54v8zmw1ljy6v.mlsender.net>
2025-03-21T08:49:40.176Z [INFO] Email envoyé à franckjordan54@gmail.com avec l'ID: <012c671f-19e9-85ea-0ed8-8d32f5a14375@trial-zxk54v8zmw1ljy6v.mlsender.net>
2025-03-21T09:48:11.289Z [INFO] Email envoyé à franckjordan54@gmail.com avec l'ID: <daba83fb-42c3-e229-dacb-a22dbfdd37a1@trial-zxk54v8zmw1ljy6v.mlsender.net>
2025-03-21T10:41:21.543Z [INFO] Email envoyé à franckjordan54@gmail.com avec l'ID: <e0e51bfc-e570-aec5-8f35-e09aff578c67@trial-zxk54v8zmw1ljy6v.mlsender.net>
2025-03-21T17:43:32.286Z [INFO] Début de la génération du secret pour l'utilisateur : loicsteve27@gmail.com
2025-03-21T17:43:32.288Z [INFO] Secret généré avec succès : JIUT6VCRENAHCUSMKZ4E4WDVN42WCZBYMIST4MD2KNRF23KCI56Q
2025-03-21T17:43:32.289Z [INFO] URL du QR code générée : otpauth://totp/PSP_APP:loicsteve27@gmail.com?secret=JIUT6VCRENAHCUSMKZ4E4WDVN42WCZBYMIST4MD2KNRF23KCI56Q&issuer=YourApp
2025-03-21T17:43:32.321Z [INFO] QR code généré avec succès
2025-03-21T17:43:55.048Z [ERROR] Erreur d'envoi d'email: Error: Message failed: 450 Your trial domain reached its email quota limit. #MS42222 Your trial domain reached its email quota limit. #MS42222
2025-03-21T17:47:34.796Z [ERROR] Erreur d'envoi d'email: Error: Message failed: 450 Your trial domain reached its email quota limit. #MS42222 Your trial domain reached its email quota limit. #MS42222
2025-03-21T17:48:42.770Z [ERROR] Erreur d'envoi d'email: Error: Message failed: 450 Your trial domain reached its email quota limit. #MS42222 Your trial domain reached its email quota limit. #MS42222
2025-03-21T18:06:22.841Z [ERROR] Erreur d'envoi d'email: Error: Message failed: 450 Your trial domain reached its email quota limit. #MS42222 Your trial domain reached its email quota limit. #MS42222
2025-03-21T18:06:39.107Z [ERROR] Erreur d'envoi d'email: Error: Message failed: 450 Your trial domain reached its email quota limit. #MS42222 Your trial domain reached its email quota limit. #MS42222
2025-03-21T18:12:00.820Z [INFO] Email envoyé à loicsteve27@gmail.com avec l'ID: <941301a8-c29b-407a-6dd9-21104b6c909d@trial-zxk54v8zmw1ljy6v.mlsender.net>
2025-03-21T18:15:48.494Z [INFO] Email envoyé à loicsteve27@gmail.com avec l'ID: <0cedd7c7-693b-f56f-6bbd-f263550d72d9@trial-zxk54v8zmw1ljy6v.mlsender.net>
2025-03-22T10:09:52.846Z [INFO] Email envoyé à franckjordan54@gmail.com avec l'ID: <0064b368-b707-dda6-e85b-bb186b1ceda1@trial-zxk54v8zmw1ljy6v.mlsender.net>
